<?xml version="1.0" encoding="UTF-8"?>
<testsuite xmlns:xsi="http://www.w3.org/2001/XMLSchema-instance" xsi:noNamespaceSchemaLocation="https://maven.apache.org/surefire/maven-surefire-plugin/xsd/surefire-test-report-3.0.xsd" version="3.0" name="com.library.repository.AuthorRepositoryTest" time="1.211" tests="6" errors="0" skipped="0" failures="0">
  <properties>
[...]
</properties>
  <testcase name="shouldReturnAllAuthors" classname="com.library.repository.AuthorRepositoryTest" time="0.076">
    <system-out><![CDATA[08:20:25.562 [main] INFO org.springframework.test.context.support.AnnotationConfigContextLoaderUtils -- Could not detect default configuration classes for test class [com.library.repository.AuthorRepositoryTest]: AuthorRepositoryTest does not declare any static, non-private, non-final, nested classes annotated with @Configuration.
08:20:25.603 [main] INFO org.springframework.boot.test.context.SpringBootTestContextBootstrapper -- Found @SpringBootConfiguration com.library.LibraryApplication for test class com.library.repository.AuthorRepositoryTest

  .   ____          _            __ _ _
 /\\ / ___'_ __ _ _(_)_ __  __ _ \ \ \ \
( ( )\___ | '_ | '_| | '_ \/ _` | \ \ \ \
 \\/  ___)| |_)| | | | | || (_| |  ) ) ) )
  '  |____| .__|_| |_|_| |_\__, | / / / /
 =========|_|==============|___/=/_/_/_/
 :: Spring Boot ::               (v3.2.12)

2026-05-03T08:20:25.707+05:30  INFO 75917 --- [           main] c.l.repository.AuthorRepositoryTest      : Starting AuthorRepositoryTest using Java 25.0.2 with PID 75917 (started by akshat in /Users/akshat/personal/bits/library-app)
2026-05-03T08:20:25.708+05:30  INFO 75917 --- [           main] c.l.repository.AuthorRepositoryTest      : No active profile set, falling back to 1 default profile: "default"
2026-05-03T08:20:25.834+05:30  INFO 75917 --- [           main] .s.d.r.c.RepositoryConfigurationDelegate : Bootstrapping Spring Data JPA repositories in DEFAULT mode.
2026-05-03T08:20:25.852+05:30  INFO 75917 --- [           main] .s.d.r.c.RepositoryConfigurationDelegate : Finished Spring Data repository scanning in 13 ms. Found 2 JPA repository interfaces.
2026-05-03T08:20:25.868+05:30  INFO 75917 --- [           main] beddedDataSourceBeanFactoryPostProcessor : Replacing 'dataSource' DataSource bean with embedded version
2026-05-03T08:20:25.910+05:30  INFO 75917 --- [           main] o.s.j.d.e.EmbeddedDatabaseFactory        : Starting embedded database: url='jdbc:h2:mem:93e8b8ec-04bf-45f0-80b1-8de6df6f971f;DB_CLOSE_DELAY=-1;DB_CLOSE_ON_EXIT=false', username='sa'
2026-05-03T08:20:25.999+05:30  INFO 75917 --- [           main] o.hibernate.jpa.internal.util.LogHelper  : HHH000204: Processing PersistenceUnitInfo [name: default]
2026-05-03T08:20:26.015+05:30  INFO 75917 --- [           main] org.hibernate.Version                    : HHH000412: Hibernate ORM core version 6.4.10.Final
2026-05-03T08:20:26.025+05:30  INFO 75917 --- [           main] o.h.c.internal.RegionFactoryInitiator    : HHH000026: Second-level cache disabled
2026-05-03T08:20:26.094+05:30  INFO 75917 --- [           main] o.s.o.j.p.SpringPersistenceUnitInfo      : No LoadTimeWeaver setup: ignoring JPA class transformer
2026-05-03T08:20:26.108+05:30  WARN 75917 --- [           main] org.hibernate.orm.deprecation            : HHH90000025: H2Dialect does not need to be specified explicitly using 'hibernate.dialect' (remove the property setting and it will be selected by default)
2026-05-03T08:20:26.366+05:30  INFO 75917 --- [           main] o.h.e.t.j.p.i.JtaPlatformInitiator       : HHH000489: No JTA platform available (set 'hibernate.transaction.jta.platform' to enable JTA platform integration)
Hibernate: drop table if exists authors cascade 
Hibernate: drop table if exists books cascade 
Hibernate: create table authors (id bigint generated by default as identity, email varchar(255) unique, name varchar(255) not null, nationality varchar(255), primary key (id))
Hibernate: create table books (published_year integer not null, author_id bigint, id bigint generated by default as identity, genre varchar(255), title varchar(255) not null, primary key (id))
Hibernate: alter table if exists books add constraint FKfjixh2vym2cvfj3ufxj91jem7 foreign key (author_id) references authors
2026-05-03T08:20:26.380+05:30  INFO 75917 --- [           main] j.LocalContainerEntityManagerFactoryBean : Initialized JPA EntityManagerFactory for persistence unit 'default'
2026-05-03T08:20:26.461+05:30  INFO 75917 --- [           main] o.s.d.j.r.query.QueryEnhancerFactory     : Hibernate is in classpath; If applicable, HQL parser will be used.
2026-05-03T08:20:26.606+05:30  INFO 75917 --- [           main] c.l.repository.AuthorRepositoryTest      : Started AuthorRepositoryTest in 0.98 seconds (process running for 1.301)
Hibernate: select b1_0.id,b1_0.author_id,b1_0.genre,b1_0.published_year,b1_0.title from books b1_0
Hibernate: select a1_0.id,a1_0.email,a1_0.name,a1_0.nationality from authors a1_0
Hibernate: insert into authors (email,name,nationality,id) values (?,?,?,default)
Hibernate: insert into authors (email,name,nationality,id) values (?,?,?,default)
Hibernate: select a1_0.id,a1_0.email,a1_0.name,a1_0.nationality from authors a1_0
]]></system-out>
  </testcase>
  <testcase name="shouldFindAuthorsByNationality" classname="com.library.repository.AuthorRepositoryTest" time="0.011">
    <system-out><![CDATA[Hibernate: select b1_0.id,b1_0.author_id,b1_0.genre,b1_0.published_year,b1_0.title from books b1_0
Hibernate: select a1_0.id,a1_0.email,a1_0.name,a1_0.nationality from authors a1_0
Hibernate: insert into authors (email,name,nationality,id) values (?,?,?,default)
Hibernate: insert into authors (email,name,nationality,id) values (?,?,?,default)
Hibernate: insert into authors (email,name,nationality,id) values (?,?,?,default)
Hibernate: select a1_0.id,a1_0.email,a1_0.name,a1_0.nationality from authors a1_0 where upper(a1_0.nationality)=upper(?)
]]></system-out>
  </testcase>
  <testcase name="shouldSaveAndFindAuthorById" classname="com.library.repository.AuthorRepositoryTest" time="0.007">
    <system-out><![CDATA[Hibernate: select b1_0.id,b1_0.author_id,b1_0.genre,b1_0.published_year,b1_0.title from books b1_0
Hibernate: select a1_0.id,a1_0.email,a1_0.name,a1_0.nationality from authors a1_0
Hibernate: insert into authors (email,name,nationality,id) values (?,?,?,default)
]]></system-out>
  </testcase>
  <testcase name="shouldFindAuthorByEmail" classname="com.library.repository.AuthorRepositoryTest" time="0.004">
    <system-out><![CDATA[Hibernate: select b1_0.id,b1_0.author_id,b1_0.genre,b1_0.published_year,b1_0.title from books b1_0
Hibernate: select a1_0.id,a1_0.email,a1_0.name,a1_0.nationality from authors a1_0
Hibernate: insert into authors (email,name,nationality,id) values (?,?,?,default)
Hibernate: select a1_0.id,a1_0.email,a1_0.name,a1_0.nationality from authors a1_0 where a1_0.email=?
]]></system-out>
  </testcase>
  <testcase name="shouldFindAuthorsWithBooksOfGenre" classname="com.library.repository.AuthorRepositoryTest" time="0.009">
    <system-out><![CDATA[Hibernate: select b1_0.id,b1_0.author_id,b1_0.genre,b1_0.published_year,b1_0.title from books b1_0
Hibernate: select a1_0.id,a1_0.email,a1_0.name,a1_0.nationality from authors a1_0
Hibernate: insert into authors (email,name,nationality,id) values (?,?,?,default)
Hibernate: insert into books (author_id,genre,published_year,title,id) values (?,?,?,?,default)
Hibernate: insert into books (author_id,genre,published_year,title,id) values (?,?,?,?,default)
Hibernate: select distinct a1_0.id,a1_0.email,a1_0.name,a1_0.nationality from authors a1_0 join books b1_0 on a1_0.id=b1_0.author_id where b1_0.genre=?
]]></system-out>
  </testcase>
  <testcase name="shouldReturnEmptyWhenEmailNotFound" classname="com.library.repository.AuthorRepositoryTest" time="0.003">
    <system-out><![CDATA[Hibernate: select b1_0.id,b1_0.author_id,b1_0.genre,b1_0.published_year,b1_0.title from books b1_0
Hibernate: select a1_0.id,a1_0.email,a1_0.name,a1_0.nationality from authors a1_0
Hibernate: select a1_0.id,a1_0.email,a1_0.name,a1_0.nationality from authors a1_0 where a1_0.email=?
]]></system-out>
  </testcase>
</testsuite>